2023-07-20T16:49:05.804+03:00  INFO 14096 --- [restartedMain] c.c.e.ThymeleafdemoApplication           : Starting ThymeleafdemoApplication using Java 17.0.5 with PID 14096 (D:\IntellijProjects\[NEW] - Spring Boot 3, Spring 6 & Hibernate for Beginners\bonus\Spring MVC Security - MVC CRUD\spring-mvc-security-crud\target\classes started by Dzmitry in D:\IntellijProjects\[NEW] - Spring Boot 3, Spring 6 & Hibernate for Beginners\bonus\Spring MVC Security - MVC CRUD\spring-mvc-security-crud)
2023-07-20T16:49:05.811+03:00  INFO 14096 --- [restartedMain] c.c.e.ThymeleafdemoApplication           : No active profile set, falling back to 1 default profile: "default"
2023-07-20T16:49:05.856+03:00  INFO 14096 --- [restartedMain] .e.DevToolsPropertyDefaultsPostProcessor : Devtools property defaults active! Set 'spring.devtools.add-properties' to 'false' to disable
2023-07-20T16:49:05.857+03:00  INFO 14096 --- [restartedMain] .e.DevToolsPropertyDefaultsPostProcessor : For additional web related logging consider setting the 'logging.level.web' property to 'DEBUG'
2023-07-20T16:49:07.041+03:00  INFO 14096 --- [restartedMain] o.s.b.w.embedded.tomcat.TomcatWebServer  : Tomcat initialized with port(s): 8080 (http)
2023-07-20T16:49:07.050+03:00  INFO 14096 --- [restartedMain] o.apache.catalina.core.StandardService   : Starting service [Tomcat]
2023-07-20T16:49:07.051+03:00  INFO 14096 --- [restartedMain] o.apache.catalina.core.StandardEngine    : Starting Servlet engine: [Apache Tomcat/10.1.8]
2023-07-20T16:49:07.123+03:00  INFO 14096 --- [restartedMain] o.a.c.c.C.[Tomcat].[localhost].[/]       : Initializing Spring embedded WebApplicationContext
2023-07-20T16:49:07.123+03:00  INFO 14096 --- [restartedMain] w.s.c.ServletWebServerApplicationContext : Root WebApplicationContext: initialization completed in 1266 ms
2023-07-20T16:49:07.599+03:00  INFO 14096 --- [restartedMain] o.s.s.web.DefaultSecurityFilterChain     : Will secure any request with [org.springframework.security.web.session.DisableEncodeUrlFilter@5d1a2156, org.springframework.security.web.context.request.async.WebAsyncManagerIntegrationFilter@5ca23dad, org.springframework.security.web.context.SecurityContextHolderFilter@1e938898, org.springframework.security.web.header.HeaderWriterFilter@5e0295c7, org.springframework.security.web.csrf.CsrfFilter@68867eb3, org.springframework.security.web.authentication.logout.LogoutFilter@478dfe41, org.springframework.security.web.authentication.UsernamePasswordAuthenticationFilter@1bd77a38, org.springframework.security.web.savedrequest.RequestCacheAwareFilter@3ad5989b, org.springframework.security.web.servletapi.SecurityContextHolderAwareRequestFilter@77dde8f4, org.springframework.security.web.authentication.AnonymousAuthenticationFilter@7c848abb, org.springframework.security.web.session.SessionManagementFilter@8e7e613, org.springframework.security.web.access.ExceptionTranslationFilter@401197fd, org.springframework.security.web.access.intercept.AuthorizationFilter@514a0e66]
2023-07-20T16:49:07.769+03:00  INFO 14096 --- [restartedMain] o.s.b.d.a.OptionalLiveReloadServer       : LiveReload server is running on port 35729
2023-07-20T16:49:07.806+03:00  INFO 14096 --- [restartedMain] o.s.b.w.embedded.tomcat.TomcatWebServer  : Tomcat started on port(s): 8080 (http) with context path ''
2023-07-20T16:49:07.823+03:00  INFO 14096 --- [restartedMain] c.c.e.ThymeleafdemoApplication           : Started ThymeleafdemoApplication in 2.391 seconds (process running for 3.067)
2023-07-20T16:49:18.264+03:00  INFO 14096 --- [http-nio-8080-exec-1] o.a.c.c.C.[Tomcat].[localhost].[/]       : Initializing Spring DispatcherServlet 'dispatcherServlet'
2023-07-20T16:49:18.264+03:00  INFO 14096 --- [http-nio-8080-exec-1] o.s.web.servlet.DispatcherServlet        : Initializing Servlet 'dispatcherServlet'
2023-07-20T16:49:18.266+03:00  INFO 14096 --- [http-nio-8080-exec-1] o.s.web.servlet.DispatcherServlet        : Completed initialization in 2 ms
2023-07-20T16:49:24.504+03:00 DEBUG 14096 --- [http-nio-8080-exec-5] o.s.jdbc.core.JdbcTemplate               : Executing prepared SQL query
2023-07-20T16:49:24.505+03:00 DEBUG 14096 --- [http-nio-8080-exec-5] o.s.jdbc.core.JdbcTemplate               : Executing prepared SQL statement [SELECT * FROM user INNER JOIN users_roles ON user.id = users_roles.user_id INNER JOIN role ON users_roles.role_id = role.id WHERE username = ?]
2023-07-20T16:49:24.507+03:00  INFO 14096 --- [http-nio-8080-exec-5] com.zaxxer.hikari.HikariDataSource       : HikariPool-1 - Starting...
2023-07-20T16:49:24.794+03:00  INFO 14096 --- [http-nio-8080-exec-5] com.zaxxer.hikari.pool.HikariPool        : HikariPool-1 - Added connection com.mysql.cj.jdbc.ConnectionImpl@65568647
2023-07-20T16:49:24.796+03:00  INFO 14096 --- [http-nio-8080-exec-5] com.zaxxer.hikari.HikariDataSource       : HikariPool-1 - Start completed.
2023-07-20T16:49:24.808+03:00 TRACE 14096 --- [http-nio-8080-exec-5] o.s.jdbc.core.StatementCreatorUtils      : Setting SQL statement parameter value: column index 1, parameter value [susan], value class [java.lang.String], SQL type unknown
2023-07-20T16:49:24.830+03:00 DEBUG 14096 --- [http-nio-8080-exec-5] o.s.jdbc.core.JdbcTemplate               : Executing prepared SQL query
2023-07-20T16:49:24.830+03:00 DEBUG 14096 --- [http-nio-8080-exec-5] o.s.jdbc.core.JdbcTemplate               : Executing prepared SQL statement [SELECT * FROM user INNER JOIN users_roles ON user.id = users_roles.user_id INNER JOIN role ON users_roles.role_id = role.id WHERE username = ?]
2023-07-20T16:49:24.831+03:00 TRACE 14096 --- [http-nio-8080-exec-5] o.s.jdbc.core.StatementCreatorUtils      : Setting SQL statement parameter value: column index 1, parameter value [susan], value class [java.lang.String], SQL type unknown
2023-07-20T16:49:40.675+03:00 DEBUG 14096 --- [http-nio-8080-exec-8] o.s.jdbc.core.JdbcTemplate               : Executing SQL query [SELECT * FROM employee ORDER BY last_name ASC]
2023-07-20T16:52:17.775+03:00 DEBUG 14096 --- [http-nio-8080-exec-2] o.s.jdbc.core.JdbcTemplate               : Executing SQL query [SELECT * FROM employee ORDER BY last_name ASC]
2023-07-20T16:52:19.472+03:00 DEBUG 14096 --- [http-nio-8080-exec-4] o.s.jdbc.core.JdbcTemplate               : Executing SQL query [SELECT * FROM employee ORDER BY last_name ASC]
2023-07-20T16:52:23.625+03:00 DEBUG 14096 --- [http-nio-8080-exec-5] o.s.jdbc.core.JdbcTemplate               : Executing prepared SQL query
2023-07-20T16:52:23.626+03:00 DEBUG 14096 --- [http-nio-8080-exec-5] o.s.jdbc.core.JdbcTemplate               : Executing prepared SQL statement [SELECT * FROM employee where first_name LIKE lower(concat(?, '%')) or last_name LIKE lower(concat(?, '%'))]
2023-07-20T16:52:23.626+03:00 TRACE 14096 --- [http-nio-8080-exec-5] o.s.jdbc.core.StatementCreatorUtils      : Setting SQL statement parameter value: column index 1, parameter value [E], value class [java.lang.String], SQL type unknown
2023-07-20T16:52:23.626+03:00 TRACE 14096 --- [http-nio-8080-exec-5] o.s.jdbc.core.StatementCreatorUtils      : Setting SQL statement parameter value: column index 2, parameter value [E], value class [java.lang.String], SQL type unknown
2023-07-20T16:52:24.870+03:00 DEBUG 14096 --- [http-nio-8080-exec-6] o.s.jdbc.core.JdbcTemplate               : Executing SQL query [SELECT * FROM employee ORDER BY last_name ASC]
2023-07-20T16:52:38.660+03:00 DEBUG 14096 --- [http-nio-8080-exec-1] o.s.jdbc.core.JdbcTemplate               : Executing prepared SQL query
2023-07-20T16:52:38.660+03:00 DEBUG 14096 --- [http-nio-8080-exec-1] o.s.jdbc.core.JdbcTemplate               : Executing prepared SQL statement [SELECT * FROM user INNER JOIN users_roles ON user.id = users_roles.user_id INNER JOIN role ON users_roles.role_id = role.id WHERE username = ?]
2023-07-20T16:52:38.661+03:00 TRACE 14096 --- [http-nio-8080-exec-1] o.s.jdbc.core.StatementCreatorUtils      : Setting SQL statement parameter value: column index 1, parameter value [susan], value class [java.lang.String], SQL type unknown
2023-07-20T16:52:38.666+03:00 DEBUG 14096 --- [http-nio-8080-exec-1] o.s.jdbc.core.JdbcTemplate               : Executing prepared SQL query
2023-07-20T16:52:38.667+03:00 DEBUG 14096 --- [http-nio-8080-exec-1] o.s.jdbc.core.JdbcTemplate               : Executing prepared SQL statement [SELECT * FROM user INNER JOIN users_roles ON user.id = users_roles.user_id INNER JOIN role ON users_roles.role_id = role.id WHERE username = ?]
2023-07-20T16:52:38.667+03:00 TRACE 14096 --- [http-nio-8080-exec-1] o.s.jdbc.core.StatementCreatorUtils      : Setting SQL statement parameter value: column index 1, parameter value [susan], value class [java.lang.String], SQL type unknown
2023-07-20T16:52:39.851+03:00 DEBUG 14096 --- [http-nio-8080-exec-3] o.s.jdbc.core.JdbcTemplate               : Executing SQL query [SELECT * FROM employee ORDER BY last_name ASC]
2023-07-20T16:53:05.170+03:00  INFO 14096 --- [SpringApplicationShutdownHook] com.zaxxer.hikari.HikariDataSource       : HikariPool-1 - Shutdown initiated...
2023-07-20T16:53:05.176+03:00  INFO 14096 --- [SpringApplicationShutdownHook] com.zaxxer.hikari.HikariDataSource       : HikariPool-1 - Shutdown completed.
2023-07-20T16:59:04.726+03:00  INFO 14084 --- [restartedMain] c.c.e.ThymeleafdemoApplication           : Starting ThymeleafdemoApplication using Java 17.0.5 with PID 14084 (D:\IntellijProjects\[NEW] - Spring Boot 3, Spring 6 & Hibernate for Beginners\bonus\Spring MVC Security - MVC CRUD\spring-mvc-security-crud\target\classes started by Dzmitry in D:\IntellijProjects\[NEW] - Spring Boot 3, Spring 6 & Hibernate for Beginners\bonus\Spring MVC Security - MVC CRUD\spring-mvc-security-crud)
2023-07-20T16:59:04.729+03:00  INFO 14084 --- [restartedMain] c.c.e.ThymeleafdemoApplication           : No active profile set, falling back to 1 default profile: "default"
2023-07-20T16:59:04.771+03:00  INFO 14084 --- [restartedMain] .e.DevToolsPropertyDefaultsPostProcessor : Devtools property defaults active! Set 'spring.devtools.add-properties' to 'false' to disable
2023-07-20T16:59:04.771+03:00  INFO 14084 --- [restartedMain] .e.DevToolsPropertyDefaultsPostProcessor : For additional web related logging consider setting the 'logging.level.web' property to 'DEBUG'
2023-07-20T16:59:05.622+03:00  INFO 14084 --- [restartedMain] o.s.b.w.embedded.tomcat.TomcatWebServer  : Tomcat initialized with port(s): 8080 (http)
2023-07-20T16:59:05.627+03:00  INFO 14084 --- [restartedMain] o.apache.catalina.core.StandardService   : Starting service [Tomcat]
2023-07-20T16:59:05.628+03:00  INFO 14084 --- [restartedMain] o.apache.catalina.core.StandardEngine    : Starting Servlet engine: [Apache Tomcat/10.1.8]
2023-07-20T16:59:05.711+03:00  INFO 14084 --- [restartedMain] o.a.c.c.C.[Tomcat].[localhost].[/]       : Initializing Spring embedded WebApplicationContext
2023-07-20T16:59:05.712+03:00  INFO 14084 --- [restartedMain] w.s.c.ServletWebServerApplicationContext : Root WebApplicationContext: initialization completed in 941 ms
2023-07-20T16:59:06.084+03:00  INFO 14084 --- [restartedMain] o.s.s.web.DefaultSecurityFilterChain     : Will secure any request with [org.springframework.security.web.session.DisableEncodeUrlFilter@77dde8f4, org.springframework.security.web.context.request.async.WebAsyncManagerIntegrationFilter@4eac64e6, org.springframework.security.web.context.SecurityContextHolderFilter@1e3d9d4d, org.springframework.security.web.header.HeaderWriterFilter@4fcf86c, org.springframework.security.web.csrf.CsrfFilter@27c7b826, org.springframework.security.web.authentication.logout.LogoutFilter@44052f11, org.springframework.security.web.authentication.UsernamePasswordAuthenticationFilter@5188c718, org.springframework.security.web.savedrequest.RequestCacheAwareFilter@7650d3d0, org.springframework.security.web.servletapi.SecurityContextHolderAwareRequestFilter@372e2eb9, org.springframework.security.web.authentication.AnonymousAuthenticationFilter@590bca2c, org.springframework.security.web.session.SessionManagementFilter@11cb6f45, org.springframework.security.web.access.ExceptionTranslationFilter@666f4703, org.springframework.security.web.access.intercept.AuthorizationFilter@535d52a3]
2023-07-20T16:59:06.239+03:00  INFO 14084 --- [restartedMain] o.s.b.d.a.OptionalLiveReloadServer       : LiveReload server is running on port 35729
2023-07-20T16:59:06.271+03:00  INFO 14084 --- [restartedMain] o.s.b.w.embedded.tomcat.TomcatWebServer  : Tomcat started on port(s): 8080 (http) with context path ''
2023-07-20T16:59:06.283+03:00  INFO 14084 --- [restartedMain] c.c.e.ThymeleafdemoApplication           : Started ThymeleafdemoApplication in 1.871 seconds (process running for 2.412)
2023-07-20T16:59:11.733+03:00  INFO 14084 --- [http-nio-8080-exec-3] o.a.c.c.C.[Tomcat].[localhost].[/]       : Initializing Spring DispatcherServlet 'dispatcherServlet'
2023-07-20T16:59:11.734+03:00  INFO 14084 --- [http-nio-8080-exec-3] o.s.web.servlet.DispatcherServlet        : Initializing Servlet 'dispatcherServlet'
2023-07-20T16:59:11.736+03:00  INFO 14084 --- [http-nio-8080-exec-3] o.s.web.servlet.DispatcherServlet        : Completed initialization in 1 ms
2023-07-20T16:59:21.187+03:00 DEBUG 14084 --- [http-nio-8080-exec-5] o.s.jdbc.core.JdbcTemplate               : Executing prepared SQL query
2023-07-20T16:59:21.188+03:00 DEBUG 14084 --- [http-nio-8080-exec-5] o.s.jdbc.core.JdbcTemplate               : Executing prepared SQL statement [SELECT * FROM user INNER JOIN users_roles ON user.id = users_roles.user_id INNER JOIN role ON users_roles.role_id = role.id WHERE username = ?]
2023-07-20T16:59:21.190+03:00  INFO 14084 --- [http-nio-8080-exec-5] com.zaxxer.hikari.HikariDataSource       : HikariPool-1 - Starting...
2023-07-20T16:59:21.387+03:00  INFO 14084 --- [http-nio-8080-exec-5] com.zaxxer.hikari.pool.HikariPool        : HikariPool-1 - Added connection com.mysql.cj.jdbc.ConnectionImpl@66511b8
2023-07-20T16:59:21.390+03:00  INFO 14084 --- [http-nio-8080-exec-5] com.zaxxer.hikari.HikariDataSource       : HikariPool-1 - Start completed.
2023-07-20T16:59:21.406+03:00 TRACE 14084 --- [http-nio-8080-exec-5] o.s.jdbc.core.StatementCreatorUtils      : Setting SQL statement parameter value: column index 1, parameter value [susan], value class [java.lang.String], SQL type unknown
2023-07-20T16:59:21.438+03:00 DEBUG 14084 --- [http-nio-8080-exec-5] o.s.jdbc.core.JdbcTemplate               : Executing prepared SQL query
2023-07-20T16:59:21.438+03:00 DEBUG 14084 --- [http-nio-8080-exec-5] o.s.jdbc.core.JdbcTemplate               : Executing prepared SQL statement [SELECT * FROM user INNER JOIN users_roles ON user.id = users_roles.user_id INNER JOIN role ON users_roles.role_id = role.id WHERE username = ?]
2023-07-20T16:59:21.439+03:00 TRACE 14084 --- [http-nio-8080-exec-5] o.s.jdbc.core.StatementCreatorUtils      : Setting SQL statement parameter value: column index 1, parameter value [susan], value class [java.lang.String], SQL type unknown
2023-07-20T16:59:23.840+03:00 DEBUG 14084 --- [http-nio-8080-exec-1] o.s.jdbc.core.JdbcTemplate               : Executing SQL query [SELECT * FROM employee ORDER BY last_name ASC]
2023-07-20T17:00:06.039+03:00 DEBUG 14084 --- [http-nio-8080-exec-6] o.s.jdbc.core.JdbcTemplate               : Executing SQL query [SELECT * FROM employee ORDER BY last_name ASC]
2023-07-20T17:27:44.948+03:00  INFO 14084 --- [SpringApplicationShutdownHook] com.zaxxer.hikari.HikariDataSource       : HikariPool-1 - Shutdown initiated...
2023-07-20T17:27:44.948+03:00  INFO 14084 --- [SpringApplicationShutdownHook] com.zaxxer.hikari.HikariDataSource       : HikariPool-1 - Shutdown completed.
2023-07-20T18:07:44.263+03:00  INFO 9380 --- [restartedMain] c.c.m.ThymeleafdemoApplication           : Starting ThymeleafdemoApplication using Java 17.0.5 with PID 9380 (D:\IntellijProjects\[NEW] - Spring Boot 3, Spring 6 & Hibernate for Beginners\bonus\Spring MVC Security - MVC CRUD\personnel management system\target\classes started by Dzmitry in D:\IntellijProjects\[NEW] - Spring Boot 3, Spring 6 & Hibernate for Beginners\bonus\Spring MVC Security - MVC CRUD\personnel management system)
2023-07-20T18:07:44.265+03:00  INFO 9380 --- [restartedMain] c.c.m.ThymeleafdemoApplication           : No active profile set, falling back to 1 default profile: "default"
2023-07-20T18:07:44.307+03:00  INFO 9380 --- [restartedMain] .e.DevToolsPropertyDefaultsPostProcessor : Devtools property defaults active! Set 'spring.devtools.add-properties' to 'false' to disable
2023-07-20T18:07:44.308+03:00  INFO 9380 --- [restartedMain] .e.DevToolsPropertyDefaultsPostProcessor : For additional web related logging consider setting the 'logging.level.web' property to 'DEBUG'
2023-07-20T18:07:45.198+03:00  INFO 9380 --- [restartedMain] o.s.b.w.embedded.tomcat.TomcatWebServer  : Tomcat initialized with port(s): 8080 (http)
2023-07-20T18:07:45.205+03:00  INFO 9380 --- [restartedMain] o.apache.catalina.core.StandardService   : Starting service [Tomcat]
2023-07-20T18:07:45.205+03:00  INFO 9380 --- [restartedMain] o.apache.catalina.core.StandardEngine    : Starting Servlet engine: [Apache Tomcat/10.1.8]
2023-07-20T18:07:45.301+03:00  INFO 9380 --- [restartedMain] o.a.c.c.C.[Tomcat].[localhost].[/]       : Initializing Spring embedded WebApplicationContext
2023-07-20T18:07:45.301+03:00  INFO 9380 --- [restartedMain] w.s.c.ServletWebServerApplicationContext : Root WebApplicationContext: initialization completed in 993 ms
2023-07-20T18:07:45.707+03:00  INFO 9380 --- [restartedMain] o.s.s.web.DefaultSecurityFilterChain     : Will secure any request with [org.springframework.security.web.session.DisableEncodeUrlFilter@77dde8f4, org.springframework.security.web.context.request.async.WebAsyncManagerIntegrationFilter@4eac64e6, org.springframework.security.web.context.SecurityContextHolderFilter@1e3d9d4d, org.springframework.security.web.header.HeaderWriterFilter@4fcf86c, org.springframework.security.web.csrf.CsrfFilter@27c7b826, org.springframework.security.web.authentication.logout.LogoutFilter@44052f11, org.springframework.security.web.authentication.UsernamePasswordAuthenticationFilter@5188c718, org.springframework.security.web.savedrequest.RequestCacheAwareFilter@7650d3d0, org.springframework.security.web.servletapi.SecurityContextHolderAwareRequestFilter@372e2eb9, org.springframework.security.web.authentication.AnonymousAuthenticationFilter@590bca2c, org.springframework.security.web.session.SessionManagementFilter@11cb6f45, org.springframework.security.web.access.ExceptionTranslationFilter@666f4703, org.springframework.security.web.access.intercept.AuthorizationFilter@535d52a3]
2023-07-20T18:07:45.872+03:00  INFO 9380 --- [restartedMain] o.s.b.d.a.OptionalLiveReloadServer       : LiveReload server is running on port 35729
2023-07-20T18:07:45.903+03:00  INFO 9380 --- [restartedMain] o.s.b.w.embedded.tomcat.TomcatWebServer  : Tomcat started on port(s): 8080 (http) with context path ''
2023-07-20T18:07:45.916+03:00  INFO 9380 --- [restartedMain] c.c.m.ThymeleafdemoApplication           : Started ThymeleafdemoApplication in 2.027 seconds (process running for 2.625)
2023-07-20T18:07:51.532+03:00  INFO 9380 --- [http-nio-8080-exec-1] o.a.c.c.C.[Tomcat].[localhost].[/]       : Initializing Spring DispatcherServlet 'dispatcherServlet'
2023-07-20T18:07:51.533+03:00  INFO 9380 --- [http-nio-8080-exec-1] o.s.web.servlet.DispatcherServlet        : Initializing Servlet 'dispatcherServlet'
2023-07-20T18:07:51.534+03:00  INFO 9380 --- [http-nio-8080-exec-1] o.s.web.servlet.DispatcherServlet        : Completed initialization in 1 ms
2023-07-20T18:07:56.078+03:00 DEBUG 9380 --- [http-nio-8080-exec-3] o.s.jdbc.core.JdbcTemplate               : Executing prepared SQL query
2023-07-20T18:07:56.079+03:00 DEBUG 9380 --- [http-nio-8080-exec-3] o.s.jdbc.core.JdbcTemplate               : Executing prepared SQL statement [SELECT * FROM user INNER JOIN users_roles ON user.id = users_roles.user_id INNER JOIN role ON users_roles.role_id = role.id WHERE username = ?]
2023-07-20T18:07:56.082+03:00  INFO 9380 --- [http-nio-8080-exec-3] com.zaxxer.hikari.HikariDataSource       : HikariPool-1 - Starting...
2023-07-20T18:07:56.309+03:00  INFO 9380 --- [http-nio-8080-exec-3] com.zaxxer.hikari.pool.HikariPool        : HikariPool-1 - Added connection com.mysql.cj.jdbc.ConnectionImpl@7a69d714
2023-07-20T18:07:56.311+03:00  INFO 9380 --- [http-nio-8080-exec-3] com.zaxxer.hikari.HikariDataSource       : HikariPool-1 - Start completed.
2023-07-20T18:07:56.332+03:00 TRACE 9380 --- [http-nio-8080-exec-3] o.s.jdbc.core.StatementCreatorUtils      : Setting SQL statement parameter value: column index 1, parameter value [susan], value class [java.lang.String], SQL type unknown
2023-07-20T18:07:56.358+03:00 DEBUG 9380 --- [http-nio-8080-exec-3] o.s.jdbc.core.JdbcTemplate               : Executing prepared SQL query
2023-07-20T18:07:56.358+03:00 DEBUG 9380 --- [http-nio-8080-exec-3] o.s.jdbc.core.JdbcTemplate               : Executing prepared SQL statement [SELECT * FROM user INNER JOIN users_roles ON user.id = users_roles.user_id INNER JOIN role ON users_roles.role_id = role.id WHERE username = ?]
2023-07-20T18:07:56.358+03:00 TRACE 9380 --- [http-nio-8080-exec-3] o.s.jdbc.core.StatementCreatorUtils      : Setting SQL statement parameter value: column index 1, parameter value [susan], value class [java.lang.String], SQL type unknown
2023-07-20T18:07:57.965+03:00 DEBUG 9380 --- [http-nio-8080-exec-6] o.s.jdbc.core.JdbcTemplate               : Executing SQL query [SELECT * FROM employee ORDER BY last_name ASC]
2023-07-20T18:07:59.914+03:00 DEBUG 9380 --- [http-nio-8080-exec-7] o.s.jdbc.core.JdbcTemplate               : Executing prepared SQL query
2023-07-20T18:07:59.914+03:00 DEBUG 9380 --- [http-nio-8080-exec-7] o.s.jdbc.core.JdbcTemplate               : Executing prepared SQL statement [SELECT * FROM employee where first_name LIKE lower(concat(?, '%')) or last_name LIKE lower(concat(?, '%'))]
2023-07-20T18:07:59.914+03:00 TRACE 9380 --- [http-nio-8080-exec-7] o.s.jdbc.core.StatementCreatorUtils      : Setting SQL statement parameter value: column index 1, parameter value [E], value class [java.lang.String], SQL type unknown
2023-07-20T18:07:59.915+03:00 TRACE 9380 --- [http-nio-8080-exec-7] o.s.jdbc.core.StatementCreatorUtils      : Setting SQL statement parameter value: column index 2, parameter value [E], value class [java.lang.String], SQL type unknown
2023-07-20T18:08:05.523+03:00  INFO 9380 --- [SpringApplicationShutdownHook] com.zaxxer.hikari.HikariDataSource       : HikariPool-1 - Shutdown initiated...
2023-07-20T18:08:05.530+03:00  INFO 9380 --- [SpringApplicationShutdownHook] com.zaxxer.hikari.HikariDataSource       : HikariPool-1 - Shutdown completed.
